{
  "RSpec": {
    "coverage": {
      "/Users/Calvin/programming_practice/policy_pulse_usa/app/jobs/create_and_update_bills_job.rb": {
        "lines": [
          null,
          null,
          1,
          1,
          null,
          1,
          1,
          null,
          1,
          1,
          1,
          1,
          null,
          null,
          1,
          null,
          2,
          4,
          null,
          2,
          null,
          null,
          null,
          1,
          2,
          null,
          null,
          null,
          1,
          null,
          null,
          1,
          1,
          null,
          null,
          1,
          1,
          2,
          6,
          null,
          5,
          5,
          null,
          5,
          2,
          3,
          2,
          null,
          null,
          null,
          null,
          null,
          1,
          6,
          null,
          null,
          null,
          1,
          4,
          4,
          4,
          4,
          null,
          3,
          5,
          null,
          3,
          3,
          3,
          3,
          3,
          null,
          null,
          3,
          3,
          null,
          null,
          1,
          null,
          1,
          null,
          null,
          1,
          4,
          4,
          4,
          4,
          4,
          3,
          3,
          3,
          null,
          3,
          1,
          null,
          1,
          1,
          1,
          1,
          null,
          null,
          null,
          null,
          null,
          null,
          1,
          1,
          null,
          null,
          3,
          2,
          null,
          null,
          null,
          null,
          null,
          null,
          3,
          null,
          1,
          null,
          1,
          null,
          null
        ]
      },
      "/Users/Calvin/programming_practice/policy_pulse_usa/app/jobs/application_job.rb": {
        "lines": [
          null,
          null,
          1,
          null,
          null,
          null,
          null,
          null,
          null
        ]
      },
      "/Users/Calvin/programming_practice/policy_pulse_usa/lib/legiscan_api.rb": {
        "lines": [
          null,
          null,
          1,
          1,
          11,
          null,
          null,
          1,
          null,
          null,
          null,
          null,
          null,
          null,
          null,
          null,
          null,
          null,
          null,
          null,
          null,
          null,
          null,
          null,
          null,
          null,
          1,
          1,
          null,
          null,
          1,
          null,
          null,
          null,
          null,
          null,
          null,
          null,
          null,
          null,
          null,
          null,
          null,
          null,
          null,
          1,
          1,
          null,
          1,
          null,
          null,
          1,
          null,
          null,
          1,
          1,
          null,
          null,
          1,
          1,
          1,
          1,
          1,
          1,
          null,
          1,
          1,
          175,
          null,
          null,
          1,
          null,
          null
        ]
      },
      "/Users/Calvin/programming_practice/policy_pulse_usa/lib/openai_api.rb": {
        "lines": [
          null,
          null,
          1,
          1,
          8,
          8,
          null,
          null,
          1,
          1,
          null,
          null,
          null,
          null,
          null,
          null,
          null,
          null,
          1,
          null,
          null,
          1,
          1,
          1,
          1,
          null,
          1,
          2,
          2,
          2,
          2,
          null,
          null,
          1,
          null,
          null,
          null,
          null,
          null,
          null,
          null,
          null,
          null,
          null,
          null,
          1,
          null,
          null,
          1,
          null,
          null,
          null,
          2,
          null,
          1,
          null,
          null,
          null,
          null,
          null,
          null,
          null,
          null,
          null,
          1,
          null,
          null
        ]
      },
      "/Users/Calvin/programming_practice/policy_pulse_usa/app/models/bill.rb": {
        "lines": [
          null,
          null,
          null,
          null,
          null,
          null,
          null,
          null,
          null,
          null,
          null,
          null,
          null,
          null,
          null,
          null,
          null,
          null,
          null,
          null,
          null,
          null,
          null,
          null,
          null,
          null,
          null,
          null,
          1,
          1,
          null,
          1,
          null,
          1,
          null,
          22,
          null,
          null,
          null,
          null,
          null,
          null,
          1,
          24,
          null,
          null
        ]
      },
      "/Users/Calvin/programming_practice/policy_pulse_usa/app/models/application_record.rb": {
        "lines": [
          null,
          null,
          1,
          1,
          null
        ]
      },
      "/Users/Calvin/programming_practice/policy_pulse_usa/app/models/session.rb": {
        "lines": [
          null,
          null,
          null,
          null,
          null,
          null,
          null,
          null,
          null,
          null,
          null,
          null,
          null,
          null,
          null,
          null,
          null,
          1,
          1,
          null
        ]
      },
      "/Users/Calvin/programming_practice/policy_pulse_usa/app/controllers/home_controller.rb": {
        "lines": [
          null,
          null,
          1,
          1,
          3,
          null,
          1,
          null,
          null
        ]
      },
      "/Users/Calvin/programming_practice/policy_pulse_usa/app/controllers/application_controller.rb": {
        "lines": [
          null,
          null,
          1,
          null
        ]
      },
      "/Users/Calvin/programming_practice/policy_pulse_usa/app/controllers/bills_controller.rb": {
        "lines": [
          null,
          null,
          1,
          1,
          null,
          1,
          2,
          null,
          null,
          null,
          2,
          null,
          null,
          1,
          null,
          1,
          2,
          null,
          null
        ]
      }
    },
    "timestamp": 1725583178
  }
}
